This is pdfTeX, Version 3.141592653-2.6-1.40.28 (MiKTeX 25.12) (preloaded format=pdflatex 2026.7.21)  21 JUL 2026 02:57
entering extended mode
 restricted \write18 enabled.
 %&-line parsing enabled.
**./hamiltonian_geometric_consolidated_report.tex
(hamiltonian_geometric_consolidated_report.tex
LaTeX2e <2025-11-01>
L3 programming layer <2025-12-24>
(C:\Users\HP\AppData\Local\Programs\MiKTeX\tex/latex/base\article.cls
Document Class: article 2025/01/22 v1.4n Standard LaTeX document class
(C:\Users\HP\AppData\Local\Programs\MiKTeX\tex/latex/base\size10.clo
File: size10.clo 2025/01/22 v1.4n Standard LaTeX file (size option)
)
\c@part=\count275
\c@section=\count276
\c@subsection=\count277
\c@subsubsection=\count278
\c@paragraph=\count279
\c@subparagraph=\count280
\c@figure=\count281
\c@table=\count282
\abovecaptionskip=\skip49
\belowcaptionskip=\skip50
\bibindent=\dimen148
)
(C:\Users\HP\AppData\Local\Programs\MiKTeX\tex/latex/geometry\geometry.sty
Package: geometry 2026/03/07 v6.0 Page Geometry

(C:\Users\HP\AppData\Local\Programs\MiKTeX\tex/latex/graphics\keyval.sty
Package: keyval 2022/05/29 v1.15 key=value parser (DPC)
\KV@toks@=\toks17
)
(C:\Users\HP\AppData\Local\Programs\MiKTeX\tex/generic/iftex\ifvtex.sty
Package: ifvtex 2019/10/25 v1.7 ifvtex legacy package. Use iftex instead.

(C:\Users\HP\AppData\Local\Programs\MiKTeX\tex/generic/iftex\iftex.sty
Package: iftex 2024/12/12 v1.0g TeX engine tests
))
\Gm@cnth=\count283
\Gm@cntv=\count284
\c@Gm@tempcnt=\count285
\Gm@bindingoffset=\dimen149
\Gm@wd@mp=\dimen150
\Gm@odd@mp=\dimen151
\Gm@even@mp=\dimen152
\Gm@layoutwidth=\dimen153
\Gm@layoutheight=\dimen154
\Gm@layouthoffset=\dimen155
\Gm@layoutvoffset=\dimen156
\Gm@dimlist=\toks18

(C:\Users\HP\AppData\Local\Programs\MiKTeX\tex/latex/geometry\geometry.cfg))
(C:\Users\HP\AppData\Local\Programs\MiKTeX\tex/latex/amsmath\amsmath.sty
Package: amsmath 2025/07/09 v2.17z AMS math features
\@mathmargin=\skip51

For additional information on amsmath, use the `?' option.
(C:\Users\HP\AppData\Local\Programs\MiKTeX\tex/latex/amsmath\amstext.sty
Package: amstext 2024/11/17 v2.01 AMS text

(C:\Users\HP\AppData\Local\Programs\MiKTeX\tex/latex/amsmath\amsgen.sty
File: amsgen.sty 1999/11/30 v2.0 generic functions
\@emptytoks=\toks19
\ex@=\dimen157
))
(C:\Users\HP\AppData\Local\Programs\MiKTeX\tex/latex/amsmath\amsbsy.sty
Package: amsbsy 1999/11/29 v1.2d Bold Symbols
\pmbraise@=\dimen158
)
(C:\Users\HP\AppData\Local\Programs\MiKTeX\tex/latex/amsmath\amsopn.sty
Package: amsopn 2022/04/08 v2.04 operator names
)
\inf@bad=\count286
LaTeX Info: Redefining \frac on input line 233.
\uproot@=\count287
\leftroot@=\count288
LaTeX Info: Redefining \overline on input line 398.
LaTeX Info: Redefining \colon on input line 409.
\classnum@=\count289
\DOTSCASE@=\count290
LaTeX Info: Redefining \ldots on input line 495.
LaTeX Info: Redefining \dots on input line 498.
LaTeX Info: Redefining \cdots on input line 619.
\Mathstrutbox@=\box53
\strutbox@=\box54
LaTeX Info: Redefining \big on input line 721.
LaTeX Info: Redefining \Big on input line 722.
LaTeX Info: Redefining \bigg on input line 723.
LaTeX Info: Redefining \Bigg on input line 724.
\big@size=\dimen159
LaTeX Font Info:    Redeclaring font encoding OML on input line 742.
LaTeX Font Info:    Redeclaring font encoding OMS on input line 743.
\macc@depth=\count291
LaTeX Info: Redefining \bmod on input line 904.
LaTeX Info: Redefining \pmod on input line 909.
LaTeX Info: Redefining \smash on input line 939.
LaTeX Info: Redefining \relbar on input line 969.
LaTeX Info: Redefining \Relbar on input line 970.
\c@MaxMatrixCols=\count292
\dotsspace@=\muskip17
\c@parentequation=\count293
\dspbrk@lvl=\count294
\tag@help=\toks20
\row@=\count295
\column@=\count296
\maxfields@=\count297
\andhelp@=\toks21
\eqnshift@=\dimen160
\alignsep@=\dimen161
\tagshift@=\dimen162
\tagwidth@=\dimen163
\totwidth@=\dimen164
\lineht@=\dimen165
\@envbody=\toks22
\multlinegap=\skip52
\multlinetaggap=\skip53
\mathdisplay@stack=\toks23
LaTeX Info: Redefining \[ on input line 2950.
LaTeX Info: Redefining \] on input line 2951.
)
(C:\Users\HP\AppData\Local\Programs\MiKTeX\tex/latex/amsfonts\amssymb.sty
Package: amssymb 2013/01/14 v3.01 AMS font symbols

(C:\Users\HP\AppData\Local\Programs\MiKTeX\tex/latex/amsfonts\amsfonts.sty
Package: amsfonts 2013/01/14 v3.01 Basic AMSFonts support
\symAMSa=\mathgroup4
\symAMSb=\mathgroup5
LaTeX Font Info:    Redeclaring math symbol \hbar on input line 98.
LaTeX Font Info:    Overwriting math alphabet `\mathfrak' in version `bold'
(Font)                  U/euf/m/n --> U/euf/b/n on input line 106.
))
(C:\Users\HP\AppData\Local\Programs\MiKTeX\tex/latex/booktabs\booktabs.sty
Package: booktabs 2020/01/12 v1.61803398 Publication quality tables
\heavyrulewidth=\dimen166
\lightrulewidth=\dimen167
\cmidrulewidth=\dimen168
\belowrulesep=\dimen169
\belowbottomsep=\dimen170
\aboverulesep=\dimen171
\abovetopsep=\dimen172
\cmidrulesep=\dimen173
\cmidrulekern=\dimen174
\defaultaddspace=\dimen175
\@cmidla=\count298
\@cmidlb=\count299
\@aboverulesep=\dimen176
\@belowrulesep=\dimen177
\@thisruleclass=\count300
\@lastruleclass=\count301
\@thisrulewidth=\dimen178
)
(C:\Users\HP\AppData\Local\Programs\MiKTeX\tex/latex/graphics\graphicx.sty
Package: graphicx 2024/12/31 v1.2e Enhanced LaTeX Graphics (DPC,SPQR)

(C:\Users\HP\AppData\Local\Programs\MiKTeX\tex/latex/graphics\graphics.sty
Package: graphics 2024/08/06 v1.4g Standard LaTeX Graphics (DPC,SPQR)

(C:\Users\HP\AppData\Local\Programs\MiKTeX\tex/latex/graphics\trig.sty
Package: trig 2023/12/02 v1.11 sin cos tan (DPC)
)
(C:\Users\HP\AppData\Local\Programs\MiKTeX\tex/latex/graphics-cfg\graphics.cfg
File: graphics.cfg 2016/06/04 v1.11 sample graphics configuration
)
Package graphics Info: Driver file: pdftex.def on input line 106.
(C:\Users\HP\AppData\Local\Programs\MiKTeX\tex/latex/graphics-def\pdftex.def
File: pdftex.def 2025/09/29 v1.2d Graphics/color driver for pdftex
))
\Gin@req@height=\dimen179
\Gin@req@width=\dimen180
) (C:\Users\HP\AppData\Local\Programs\MiKTeX\tex/latex/hyperref\hyperref.sty
Package: hyperref 2025-07-12 v7.01o Hypertext links for LaTeX

(C:\Users\HP\AppData\Local\Programs\MiKTeX\tex/latex/kvsetkeys\kvsetkeys.sty
Package: kvsetkeys 2022-10-05 v1.19 Key value parser (HO)
)
(C:\Users\HP\AppData\Local\Programs\MiKTeX\tex/generic/kvdefinekeys\kvdefinekey
s.sty
Package: kvdefinekeys 2019-12-19 v1.6 Define keys (HO)
)
(C:\Users\HP\AppData\Local\Programs\MiKTeX\tex/generic/pdfescape\pdfescape.sty
Package: pdfescape 2019/12/09 v1.15 Implements pdfTeX's escape features (HO)

(C:\Users\HP\AppData\Local\Programs\MiKTeX\tex/generic/ltxcmds\ltxcmds.sty
Package: ltxcmds 2023-12-04 v1.26 LaTeX kernel commands for general use (HO)
)
(C:\Users\HP\AppData\Local\Programs\MiKTeX\tex/generic/pdftexcmds\pdftexcmds.st
y
Package: pdftexcmds 2020-06-27 v0.33 Utility functions of pdfTeX for LuaTeX (HO
)

(C:\Users\HP\AppData\Local\Programs\MiKTeX\tex/generic/infwarerr\infwarerr.sty
Package: infwarerr 2019/12/03 v1.5 Providing info/warning/error messages (HO)
)
Package pdftexcmds Info: \pdf@primitive is available.
Package pdftexcmds Info: \pdf@ifprimitive is available.
Package pdftexcmds Info: \pdfdraftmode found.
)) (C:\Users\HP\AppData\Local\Programs\MiKTeX\tex/latex/hycolor\hycolor.sty
Package: hycolor 2020-01-27 v1.10 Color options for hyperref/bookmark (HO)
)
(C:\Users\HP\AppData\Local\Programs\MiKTeX\tex/latex/hyperref\nameref.sty
Package: nameref 2025-06-21 v2.57 Cross-referencing by name of section

(C:\Users\HP\AppData\Local\Programs\MiKTeX\tex/latex/refcount\refcount.sty
Package: refcount 2019/12/15 v3.6 Data extraction from label references (HO)
)
(C:\Users\HP\AppData\Local\Programs\MiKTeX\tex/generic/gettitlestring\gettitles
tring.sty
Package: gettitlestring 2019/12/15 v1.6 Cleanup title references (HO)

(C:\Users\HP\AppData\Local\Programs\MiKTeX\tex/latex/kvoptions\kvoptions.sty
Package: kvoptions 2022-06-15 v3.15 Key value format for package options (HO)
))
\c@section@level=\count302
) (C:\Users\HP\AppData\Local\Programs\MiKTeX\tex/latex/etoolbox\etoolbox.sty
Package: etoolbox 2025/10/02 v2.5m e-TeX tools for LaTeX (JAW)
\etb@tempcnta=\count303
)
(C:\Users\HP\AppData\Local\Programs\MiKTeX\tex/generic/stringenc\stringenc.sty
Package: stringenc 2019/11/29 v1.12 Convert strings between diff. encodings (HO
)
)
\@linkdim=\dimen181
\Hy@linkcounter=\count304
\Hy@pagecounter=\count305
(C:\Users\HP\AppData\Local\Programs\MiKTeX\tex/latex/hyperref\pd1enc.def
File: pd1enc.def 2025-07-12 v7.01o Hyperref: PDFDocEncoding definition (HO)
Now handling font encoding PD1 ...
... no UTF-8 mapping file for font encoding PD1
)
(C:\Users\HP\AppData\Local\Programs\MiKTeX\tex/generic/intcalc\intcalc.sty
Package: intcalc 2019/12/15 v1.3 Expandable calculations with integers (HO)
)
\Hy@SavedSpaceFactor=\count306

(C:\Users\HP\AppData\Local\Programs\MiKTeX\tex/latex/hyperref\puenc.def
File: puenc.def 2025-07-12 v7.01o Hyperref: PDF Unicode definition (HO)
Now handling font encoding PU ...
... no UTF-8 mapping file for font encoding PU
)
Package hyperref Info: Hyper figures OFF on input line 4195.
Package hyperref Info: Link nesting OFF on input line 4200.
Package hyperref Info: Hyper index ON on input line 4203.
Package hyperref Info: Plain pages OFF on input line 4210.
Package hyperref Info: Backreferencing OFF on input line 4215.
Package hyperref Info: Implicit mode ON; LaTeX internals redefined.
Package hyperref Info: Bookmarks ON on input line 4462.
\c@Hy@tempcnt=\count307

(C:\Users\HP\AppData\Local\Programs\MiKTeX\tex/latex/url\url.sty
\Urlmuskip=\muskip18
Package: url 2013/09/16  ver 3.4  Verb mode for urls, etc.
)
LaTeX Info: Redefining \url on input line 4801.
\XeTeXLinkMargin=\dimen182

(C:\Users\HP\AppData\Local\Programs\MiKTeX\tex/generic/bitset\bitset.sty
Package: bitset 2019/12/09 v1.3 Handle bit-vector datatype (HO)

(C:\Users\HP\AppData\Local\Programs\MiKTeX\tex/generic/bigintcalc\bigintcalc.st
y
Package: bigintcalc 2019/12/15 v1.5 Expandable calculations on big integers (HO
)
))
\Fld@menulength=\count308
\Field@Width=\dimen183
\Fld@charsize=\dimen184
Package hyperref Info: Hyper figures OFF on input line 6078.
Package hyperref Info: Link nesting OFF on input line 6083.
Package hyperref Info: Hyper index ON on input line 6086.
Package hyperref Info: backreferencing OFF on input line 6093.
Package hyperref Info: Link coloring OFF on input line 6098.
Package hyperref Info: Link coloring with OCG OFF on input line 6103.
Package hyperref Info: PDF/A mode OFF on input line 6108.
\Hy@abspage=\count309
\c@Item=\count310
\c@Hfootnote=\count311
)
Package hyperref Info: Driver (autodetected): hpdftex.
 (C:\Users\HP\AppData\Local\Programs\MiKTeX\tex/latex/hyperref\hpdftex.def
File: hpdftex.def 2025-07-12 v7.01o Hyperref driver for pdfTeX
\Fld@listcount=\count312
\c@bookmark@seq@number=\count313

(C:\Users\HP\AppData\Local\Programs\MiKTeX\tex/latex/rerunfilecheck\rerunfilech
eck.sty
Package: rerunfilecheck 2025-06-21 v1.11 Rerun checks for auxiliary files (HO)

(C:\Users\HP\AppData\Local\Programs\MiKTeX\tex/generic/uniquecounter\uniquecoun
ter.sty
Package: uniquecounter 2019/12/15 v1.4 Provide unlimited unique counter (HO)
)
Package uniquecounter Info: New unique counter `rerunfilecheck' on input line 2
84.
)
\Hy@SectionHShift=\skip54
)
(C:\Users\HP\AppData\Local\Programs\MiKTeX\tex/latex/xcolor\xcolor.sty
Package: xcolor 2024/09/29 v3.02 LaTeX color extensions (UK)

(C:\Users\HP\AppData\Local\Programs\MiKTeX\tex/latex/graphics-cfg\color.cfg
File: color.cfg 2016/01/02 v1.6 sample color configuration
)
Package xcolor Info: Driver file: pdftex.def on input line 274.

(C:\Users\HP\AppData\Local\Programs\MiKTeX\tex/latex/graphics\mathcolor.ltx)
Package xcolor Info: Model `cmy' substituted by `cmy0' on input line 1349.
Package xcolor Info: Model `hsb' substituted by `rgb' on input line 1353.
Package xcolor Info: Model `RGB' extended on input line 1365.
Package xcolor Info: Model `HTML' substituted by `rgb' on input line 1367.
Package xcolor Info: Model `Hsb' substituted by `hsb' on input line 1368.
Package xcolor Info: Model `tHsb' substituted by `hsb' on input line 1369.
Package xcolor Info: Model `HSB' substituted by `hsb' on input line 1370.
Package xcolor Info: Model `Gray' substituted by `gray' on input line 1371.
Package xcolor Info: Model `wave' substituted by `hsb' on input line 1372.
)
(C:\Users\HP\AppData\Local\Programs\MiKTeX\tex/latex/caption\caption.sty
Package: caption 2023/08/05 v3.6o Customizing captions (AR)

(C:\Users\HP\AppData\Local\Programs\MiKTeX\tex/latex/caption\caption3.sty
Package: caption3 2023/07/31 v2.4d caption3 kernel (AR)
\caption@tempdima=\dimen185
\captionmargin=\dimen186
\caption@leftmargin=\dimen187
\caption@rightmargin=\dimen188
\caption@width=\dimen189
\caption@indent=\dimen190
\caption@parindent=\dimen191
\caption@hangindent=\dimen192
Package caption Info: Standard document class detected.
)
\c@caption@flags=\count314
\c@continuedfloat=\count315
Package caption Info: hyperref package is loaded.
)
(C:\Users\HP\AppData\Local\Programs\MiKTeX\tex/latex/sttools\stfloats.sty
Package: stfloats 2025/06/18 v3.4 Improve float mechanism and baselineskip sett
ings
\@dblbotnum=\count316
\c@dblbotnumber=\count317
)
(C:\Users\HP\AppData\Local\Programs\MiKTeX\tex/latex/microtype\microtype.sty
Package: microtype 2026/03/01 v3.2d Micro-typographical refinements (RS)
\MT@toks=\toks24
\MT@tempbox=\box55
\MT@count=\count318
LaTeX Info: Redefining \noprotrusionifhmode on input line 1084.
LaTeX Info: Redefining \leftprotrusion on input line 1085.
\MT@prot@toks=\toks25
LaTeX Info: Redefining \rightprotrusion on input line 1104.
LaTeX Info: Redefining \textls on input line 1449.
\MT@outer@kern=\dimen193
LaTeX Info: Redefining \microtypecontext on input line 2053.
LaTeX Info: Redefining \textmicrotypecontext on input line 2070.
\MT@listname@count=\count319

(C:\Users\HP\AppData\Local\Programs\MiKTeX\tex/latex/microtype\microtype-pdftex
.def
File: microtype-pdftex.def 2026/03/01 v3.2d Definitions specific to pdftex (RS)

LaTeX Info: Redefining \lsstyle on input line 944.
LaTeX Info: Redefining \lslig on input line 944.
\MT@outer@space=\skip55
)
Package microtype Info: Loading configuration file microtype.cfg.

(C:\Users\HP\AppData\Local\Programs\MiKTeX\tex/latex/microtype\microtype.cfg
File: microtype.cfg 2026/03/01 v3.2d microtype main configuration file (RS)
)
LaTeX Info: Redefining \microtypesetup on input line 3065.
)
(C:\Users\HP\AppData\Local\Programs\MiKTeX\tex/latex/enumitem\enumitem.sty
Package: enumitem 2025/02/06 v3.11 Customized lists
\labelindent=\skip56
\enit@outerparindent=\dimen194
\enit@toks=\toks26
\enit@inbox=\box56
\enit@count@id=\count320
\enitdp@description=\count321
)
Package hyperref Info: Option `colorlinks' set `true' on input line 19.

(C:\Users\HP\AppData\Local\Programs\MiKTeX\tex/latex/l3backend\l3backend-pdftex
.def
File: l3backend-pdftex.def 2025-10-09 L3 backend support: PDF output (pdfTeX)
\l__color_backend_stack_int=\count322
) (hamiltonian_geometric_consolidated_report.aux)
\openout1 = `hamiltonian_geometric_consolidated_report.aux'.

LaTeX Font Info:    Checking defaults for OML/cmm/m/it on input line 79.
LaTeX Font Info:    ... okay on input line 79.
LaTeX Font Info:    Checking defaults for OMS/cmsy/m/n on input line 79.
LaTeX Font Info:    ... okay on input line 79.
LaTeX Font Info:    Checking defaults for OT1/cmr/m/n on input line 79.
LaTeX Font Info:    ... okay on input line 79.
LaTeX Font Info:    Checking defaults for T1/cmr/m/n on input line 79.
LaTeX Font Info:    ... okay on input line 79.
LaTeX Font Info:    Checking defaults for TS1/cmr/m/n on input line 79.
LaTeX Font Info:    ... okay on input line 79.
LaTeX Font Info:    Checking defaults for OMX/cmex/m/n on input line 79.
LaTeX Font Info:    ... okay on input line 79.
LaTeX Font Info:    Checking defaults for U/cmr/m/n on input line 79.
LaTeX Font Info:    ... okay on input line 79.
LaTeX Font Info:    Checking defaults for PD1/pdf/m/n on input line 79.
LaTeX Font Info:    ... okay on input line 79.
LaTeX Font Info:    Checking defaults for PU/pdf/m/n on input line 79.
LaTeX Font Info:    ... okay on input line 79.

*geometry* driver: auto-detecting
*geometry* detected driver: pdftex
*geometry* verbose mode - [ preamble ] result:
* driver: pdftex
* paper: <default>
* layout: <same size as paper>
* layoutoffset:(h,v)=(0.0pt,0.0pt)
* modes: 
* h-part:(L,W,R)=(49.14307pt, 516.00887pt, 49.14307pt)
* v-part:(T,H,B)=(44.80704pt, 698.12846pt, 52.03448pt)
* \paperwidth=614.295pt
* \paperheight=794.96999pt
* \textwidth=516.00887pt
* \textheight=698.12846pt
* \oddsidemargin=-23.12692pt
* \evensidemargin=-23.12692pt
* \topmargin=-64.46295pt
* \headheight=12.0pt
* \headsep=25.0pt
* \topskip=10.0pt
* \footskip=30.0pt
* \marginparwidth=4.0pt
* \marginparsep=10.0pt
* \columnsep=17.34518pt
* \skip\footins=9.0pt plus 4.0pt minus 2.0pt
* \hoffset=0.0pt
* \voffset=0.0pt
* \mag=1000
* \@twocolumntrue
* \@twosidefalse
* \@mparswitchfalse
* \@reversemarginfalse
* (1in=72.27pt=25.4mm, 1cm=28.453pt)

(C:\Users\HP\AppData\Local\Programs\MiKTeX\tex/context/base/mkii\supp-pdf.mkii
[Loading MPS to PDF converter (version 2006.09.02).]
\scratchcounter=\count323
\scratchdimen=\dimen195
\scratchbox=\box57
\nofMPsegments=\count324
\nofMParguments=\count325
\everyMPshowfont=\toks27
\MPscratchCnt=\count326
\MPscratchDim=\dimen196
\MPnumerator=\count327
\makeMPintoPDFobject=\count328
\everyMPtoPDFconversion=\toks28
)
(C:\Users\HP\AppData\Local\Programs\MiKTeX\tex/latex/epstopdf-pkg\epstopdf-base
.sty
Package: epstopdf-base 2020-01-24 v2.11 Base part for package epstopdf
Package epstopdf-base Info: Redefining graphics rule for `.eps' on input line 4
85.

(C:\Users\HP\AppData\Local\Programs\MiKTeX\tex/latex/00miktex\epstopdf-sys.cfg
File: epstopdf-sys.cfg 2021/03/18 v2.0 Configuration of epstopdf for MiKTeX
))
Package hyperref Info: Link coloring ON on input line 79.
 (hamiltonian_geometric_consolidated_report.out)
(hamiltonian_geometric_consolidated_report.out)
\@outlinefile=\write3
\openout3 = `hamiltonian_geometric_consolidated_report.out'.

Package caption Info: Begin \AtBeginDocument code.
Package caption Info: End \AtBeginDocument code.
LaTeX Info: Redefining \microtypecontext on input line 79.
Package microtype Info: Applying patch `item' on input line 79.
Package microtype Info: Applying patch `toc' on input line 79.
Package microtype Info: Applying patch `eqnum' on input line 79.
Package microtype Info: Applying patch `footnote' on input line 79.
Package microtype Info: Applying patch `verbatim' on input line 79.
LaTeX Info: Redefining \microtypesetup on input line 79.
Package microtype Info: Generating PDF output.
Package microtype Info: Character protrusion enabled (level 2).
Package microtype Info: Using default protrusion set `alltext'.
Package microtype Info: No font expansion.
Package microtype Info: No adjustment of tracking.
Package microtype Info: No adjustment of interword spacing.
Package microtype Info: No adjustment of character kerning.

(C:\Users\HP\AppData\Local\Programs\MiKTeX\tex/latex/microtype\mt-cmr.cfg
File: mt-cmr.cfg 2013/05/19 v2.2 microtype config. file: Computer Modern Roman 
(RS)
)
LaTeX Font Info:    Trying to load font information for U+msa on input line 113
.

(C:\Users\HP\AppData\Local\Programs\MiKTeX\tex/latex/amsfonts\umsa.fd
File: umsa.fd 2013/01/14 v3.01 AMS symbols A
)
(C:\Users\HP\AppData\Local\Programs\MiKTeX\tex/latex/microtype\mt-msa.cfg
File: mt-msa.cfg 2006/02/04 v1.1 microtype config. file: AMS symbols (a) (RS)
)
LaTeX Font Info:    Trying to load font information for U+msb on input line 113
.

(C:\Users\HP\AppData\Local\Programs\MiKTeX\tex/latex/amsfonts\umsb.fd
File: umsb.fd 2013/01/14 v3.01 AMS symbols B
)
(C:\Users\HP\AppData\Local\Programs\MiKTeX\tex/latex/microtype\mt-msb.cfg
File: mt-msb.cfg 2005/06/01 v1.0 microtype config. file: AMS symbols (b) (RS)
)
Underfull \vbox (badness 10000) has occurred while \output is active []

 [1{C:/Users/HP/AppData/Local/MiKTeX/fonts/map/pdftex/pdftex.map}


]
Underfull \hbox (badness 6252) in paragraph at lines 220--224
[]\OT1/cmr/m/n/10 The frame-work treats model pa-ram-e-ters $\OML/cmm/m/it/10 ^
^R \OT1/cmr/m/n/10 =
 []


Underfull \hbox (badness 2229) in paragraph at lines 236--236
[]\OT1/cmr/bx/n/10 Hamilton's equa-tions and the ge-o-met-ric
 []

Package microtype Info: Loading generic protrusion settings for font family
(microtype)             `cmss' (encoding: OT1).
(microtype)             For optimal results, create family-specific settings.
(microtype)             See the microtype manual for details.
[2] [3] [4]
Underfull \hbox (badness 1163) in paragraph at lines 628--646
\OT1/cmr/m/n/10 i.e. ex-actly $\OML/cmm/m/it/10 ^^R[] \OT1/cmr/m/n/10 = \OML/cm
m/m/it/10 ^^R[] \OMS/cmsy/m/n/10 ^^@ \OML/cmm/m/it/10 ^^Q g[]\OMS/cmsy/m/n/10 r
[]\OML/cmm/m/it/10 L$ \OT1/cmr/m/n/10 (the flat-metric,
 []


Underfull \hbox (badness 1478) in paragraph at lines 681--695
\OT1/cmr/m/it/10 Learn-ing Rates with Sub-lin-ear Mem-ory Cost\OT1/cmr/m/n/10 ,
 ICML
 []

[5]
Underfull \vbox (badness 10000) has occurred while \output is active []

 [6]
Underfull \hbox (badness 10000) in paragraph at lines 869--883
[]\OT1/cmr/m/n/10 The finite-plate ca-pac-i-tor fringing-field prob-lem
 []


Underfull \hbox (badness 1107) in paragraph at lines 869--883
\OT1/cmr/m/n/10 and an exact-statevector QAOA Max-Cut [[]] angle-
 []


Underfull \hbox (badness 2181) in paragraph at lines 976--979
[]\OT1/cmr/bx/n/10 Reproducibility. \OT1/cmr/m/n/10 Optimizer-specific mini-bat
ch
 []


Underfull \hbox (badness 1521) in paragraph at lines 976--979
\OT1/cmr/m/n/10 each method is eval-u-ated un-der a sta-ble data-
 []


Underfull \hbox (badness 1210) in paragraph at lines 979--987
[]\OT1/cmr/bx/n/10 Learning-rate cal-i-bra-tion. \OT1/cmr/m/n/10 The Hamiltonia
n-
 []

<../ppt_assets/test_result_media/pinn_benchmark/optimizer_convergence.png, id=3
62, 650.43pt x 433.62pt>
File: ../ppt_assets/test_result_media/pinn_benchmark/optimizer_convergence.png 
Graphic file (type png)
<use ../ppt_assets/test_result_media/pinn_benchmark/optimizer_convergence.png>
Package pdftex.def Info: ../ppt_assets/test_result_media/pinn_benchmark/optimiz
er_convergence.png  used on input line 996.
(pdftex.def)             Requested size: 247.68204pt x 165.12137pt.
<../ppt_assets/test_result_media/phase_space/phase_space.png, id=364, 650.43pt 
x 542.025pt>
File: ../ppt_assets/test_result_media/phase_space/phase_space.png Graphic file 
(type png)
<use ../ppt_assets/test_result_media/phase_space/phase_space.png>
Package pdftex.def Info: ../ppt_assets/test_result_media/phase_space/phase_spac
e.png  used on input line 997.
(pdftex.def)             Requested size: 247.68204pt x 206.4017pt.
[7]
Underfull \hbox (badness 10000) in paragraph at lines 1046--1061
[]\OT1/cmr/bx/n/10 The pre-cise mean-ing of ``Hamiltonian-
 []


Underfull \vbox (badness 5133) has occurred while \output is active []

<../ppt_assets/test_result_media/modern_optimizer_benchmark/modern_optimizer_lo
ss.png, id=398, 542.025pt x 361.35pt>
File: ../ppt_assets/test_result_media/modern_optimizer_benchmark/modern_optimiz
er_loss.png Graphic file (type png)
<use ../ppt_assets/test_result_media/modern_optimizer_benchmark/modern_optimize
r_loss.png>
Package pdftex.def Info: ../ppt_assets/test_result_media/modern_optimizer_bench
mark/modern_optimizer_loss.png  used on input line 1083.
(pdftex.def)             Requested size: 229.38483pt x 152.92384pt.

Underfull \vbox (badness 10000) has occurred while \output is active []

 [8]
<../ppt_assets/test_result_media/modern_optimizer_benchmark/modern_optimizer_se
ed_sweep.png, id=414, 578.16pt x 361.35pt>
File: ../ppt_assets/test_result_media/modern_optimizer_benchmark/modern_optimiz
er_seed_sweep.png Graphic file (type png)
<use ../ppt_assets/test_result_media/modern_optimizer_benchmark/modern_optimize
r_seed_sweep.png>
Package pdftex.def Info: ../ppt_assets/test_result_media/modern_optimizer_bench
mark/modern_optimizer_seed_sweep.png  used on input line 1145.
(pdftex.def)             Requested size: 165.1266pt x 103.20085pt.
<../ppt_assets/test_result_media/modern_optimizer_benchmark/modern_optimizer_sc
aling_sweep.png, id=415, 542.025pt x 361.35pt>
File: ../ppt_assets/test_result_media/modern_optimizer_benchmark/modern_optimiz
er_scaling_sweep.png Graphic file (type png)
<use ../ppt_assets/test_result_media/modern_optimizer_benchmark/modern_optimize
r_scaling_sweep.png>
Package pdftex.def Info: ../ppt_assets/test_result_media/modern_optimizer_bench
mark/modern_optimizer_scaling_sweep.png  used on input line 1146.
(pdftex.def)             Requested size: 165.1266pt x 110.08202pt.
<../ppt_assets/test_result_media/modern_optimizer_benchmark/modern_optimizer_pa
reto.png, id=416, 505.89pt x 397.485pt>
File: ../ppt_assets/test_result_media/modern_optimizer_benchmark/modern_optimiz
er_pareto.png Graphic file (type png)
<use ../ppt_assets/test_result_media/modern_optimizer_benchmark/modern_optimize
r_pareto.png>
Package pdftex.def Info: ../ppt_assets/test_result_media/modern_optimizer_bench
mark/modern_optimizer_pareto.png  used on input line 1147.
(pdftex.def)             Requested size: 165.1266pt x 129.74515pt.

Underfull \vbox (badness 10000) has occurred while \output is active []

 [9]
<../ppt_assets/test_result_media/qaoa_benchmark/qaoa_approximation_ratio.png, i
d=429, 650.43pt x 404.3105pt>
File: ../ppt_assets/test_result_media/qaoa_benchmark/qaoa_approximation_ratio.p
ng Graphic file (type png)
<use ../ppt_assets/test_result_media/qaoa_benchmark/qaoa_approximation_ratio.pn
g>
Package pdftex.def Info: ../ppt_assets/test_result_media/qaoa_benchmark/qaoa_ap
proximation_ratio.png  used on input line 1284.
(pdftex.def)             Requested size: 247.68204pt x 153.96037pt.
<../ppt_assets/test_result_media/quantum_chaos_benchmark/quantum_chaos_fidelity
.png, id=430, 650.43pt x 404.3105pt>
File: ../ppt_assets/test_result_media/quantum_chaos_benchmark/quantum_chaos_fid
elity.png Graphic file (type png)
<use ../ppt_assets/test_result_media/quantum_chaos_benchmark/quantum_chaos_fide
lity.png>
Package pdftex.def Info: ../ppt_assets/test_result_media/quantum_chaos_benchmar
k/quantum_chaos_fidelity.png  used on input line 1285.
(pdftex.def)             Requested size: 247.68204pt x 153.96037pt.

Underfull \vbox (badness 10000) has occurred while \output is active []

 [10 <../ppt_assets/test_result_media/pinn_benchmark/optimizer_convergence.png>
 <../ppt_assets/test_result_media/phase_space/phase_space.png> <../ppt_assets/t
est_result_media/modern_optimizer_benchmark/modern_optimizer_loss.png>]
Underfull \vbox (badness 10000) has occurred while \output is active []

 [11 <../ppt_assets/test_result_media/modern_optimizer_benchmark/modern_optimiz
er_seed_sweep.png> <../ppt_assets/test_result_media/modern_optimizer_benchmark/
modern_optimizer_scaling_sweep.png> <../ppt_assets/test_result_media/modern_opt
imizer_benchmark/modern_optimizer_pareto.png>]
<../ppt_assets/test_result_media/geometric_evidence/condition_number_scaling.pn
g, id=450, 650.43pt x 404.3105pt>
File: ../ppt_assets/test_result_media/geometric_evidence/condition_number_scali
ng.png Graphic file (type png)
<use ../ppt_assets/test_result_media/geometric_evidence/condition_number_scalin
g.png>
Package pdftex.def Info: ../ppt_assets/test_result_media/geometric_evidence/con
dition_number_scaling.png  used on input line 1433.
(pdftex.def)             Requested size: 165.1266pt x 102.64436pt.
<../ppt_assets/test_result_media/geometric_evidence/phase_space_loss_energy.png
, id=451, 650.43pt x 505.89pt>
File: ../ppt_assets/test_result_media/geometric_evidence/phase_space_loss_energ
y.png Graphic file (type png)
<use ../ppt_assets/test_result_media/geometric_evidence/phase_space_loss_energy
.png>
Package pdftex.def Info: ../ppt_assets/test_result_media/geometric_evidence/pha
se_space_loss_energy.png  used on input line 1434.
(pdftex.def)             Requested size: 165.1266pt x 128.43286pt.
<../ppt_assets/test_result_media/geometric_evidence/saddle_escape.png, id=452, 
650.43pt x 404.3105pt>
File: ../ppt_assets/test_result_media/geometric_evidence/saddle_escape.png Grap
hic file (type png)
<use ../ppt_assets/test_result_media/geometric_evidence/saddle_escape.png>
Package pdftex.def Info: ../ppt_assets/test_result_media/geometric_evidence/sad
dle_escape.png  used on input line 1435.
(pdftex.def)             Requested size: 165.1266pt x 102.64436pt.


Package hyperref Warning: Token not allowed in a PDF string (Unicode):
(hyperref)                removing `math shift' on input line 1445.


Package hyperref Warning: Token not allowed in a PDF string (Unicode):
(hyperref)                removing `math shift' on input line 1445.

<../ppt_assets/test_result_media/metric_structure_scaling_study/metric_structur
e_scaling.png, id=454, 542.025pt x 361.35pt>
File: ../ppt_assets/test_result_media/metric_structure_scaling_study/metric_str
ucture_scaling.png Graphic file (type png)
<use ../ppt_assets/test_result_media/metric_structure_scaling_study/metric_stru
cture_scaling.png>
Package pdftex.def Info: ../ppt_assets/test_result_media/metric_structure_scali
ng_study/metric_structure_scaling.png  used on input line 1501.
(pdftex.def)             Requested size: 236.86447pt x 157.90828pt.

Underfull \vbox (badness 10000) has occurred while \output is active []

 [12 <../ppt_assets/test_result_media/qaoa_benchmark/qaoa_approximation_ratio.p
ng> <../ppt_assets/test_result_media/quantum_chaos_benchmark/quantum_chaos_fide
lity.png>]
Underfull \hbox (badness 3209) in paragraph at lines 1610--1622
[]\OT1/cmr/m/n/10 Every par-tial con-fig-u-ra-tion ex-cept plain Hessian-
 []

[13]
Underfull \hbox (badness 1275) in paragraph at lines 1659--1678
\OT1/cmr/m/n/10 specif-i-cally to stress-test -- not to re-confirm -- the
 []


Underfull \vbox (badness 10000) has occurred while \output is active []

 [14 <../ppt_assets/test_result_media/geometric_evidence/condition_number_scali
ng.png> <../ppt_assets/test_result_media/geometric_evidence/phase_space_loss_en
ergy.png> <../ppt_assets/test_result_media/geometric_evidence/saddle_escape.png
> <../ppt_assets/test_result_media/metric_structure_scaling_study/metric_struct
ure_scaling.png>]
<../ablation styudy/figures/architecture_factorial.png, id=488, 867.24pt x 346.
896pt>
File: ../ablation styudy/figures/architecture_factorial.png Graphic file (type 
png)
<use ../ablation styudy/figures/architecture_factorial.png>
Package pdftex.def Info: ../ablation styudy/figures/architecture_factorial.png 
 used on input line 1710.
(pdftex.def)             Requested size: 438.61067pt x 175.4431pt.

Underfull \vbox (badness 3323) has occurred while \output is active []

<../ablation styudy/figures/quantum_ablation.png, id=497, 722.7pt x 346.896pt>
File: ../ablation styudy/figures/quantum_ablation.png Graphic file (type png)
<use ../ablation styudy/figures/quantum_ablation.png>
Package pdftex.def Info: ../ablation styudy/figures/quantum_ablation.png  used 
on input line 1775.
(pdftex.def)             Requested size: 438.61067pt x 210.53172pt.
 [15]
Underfull \vbox (badness 2229) has occurred while \output is active []


Overfull \hbox (39.72195pt too wide) in paragraph at lines 1822--1835
 [][] 
 []

<../ablation styudy/figures/gpu_ablation.png, id=509, 867.24pt x 346.896pt>
File: ../ablation styudy/figures/gpu_ablation.png Graphic file (type png)
<use ../ablation styudy/figures/gpu_ablation.png>
Package pdftex.def Info: ../ablation styudy/figures/gpu_ablation.png  used on i
nput line 1841.
(pdftex.def)             Requested size: 438.61067pt x 175.4431pt.

Underfull \vbox (badness 1584) has occurred while \output is active []

 [16 <../ablation styudy/figures/architecture_factorial.png>]
Underfull \vbox (badness 10000) has occurred while \output is active []


Underfull \vbox (badness 10000) has occurred while \output is active []

 [17 <../ablation styudy/figures/quantum_ablation.png> <../ablation styudy/figu
res/gpu_ablation.png>]
Underfull \hbox (badness 1281) in paragraph at lines 1887--1895
[]\OT1/cmr/bx/n/10 The an-ti-sym-met-ric part of any can-di-date
 []


Underfull \hbox (badness 1132) in paragraph at lines 1887--1895
\OT1/cmr/m/n/10 term $[]\OML/cmm/m/it/10 p[]g[]p$ \OT1/cmr/m/n/10 and the ge-o-
met-ric force $\OML/cmm/m/it/10 F[] \OT1/cmr/m/n/10 =
 []

<../ppt_assets/test_result_media/symmetry_exploits/metric_symmetry_exploits.png
, id=534, 831.105pt x 339.669pt>
File: ../ppt_assets/test_result_media/symmetry_exploits/metric_symmetry_exploit
s.png Graphic file (type png)
<use ../ppt_assets/test_result_media/symmetry_exploits/metric_symmetry_exploits
.png>
Package pdftex.def Info: ../ppt_assets/test_result_media/symmetry_exploits/metr
ic_symmetry_exploits.png  used on input line 1904.
(pdftex.def)             Requested size: 229.38483pt x 93.74873pt.

Underfull \hbox (badness 2790) in paragraph at lines 1916--1927
\OT1/cmr/m/n/10 MLPs with a few dozen hid-den units, a 64-
 []


Underfull \hbox (badness 10000) in paragraph at lines 1957--1966
[]\OT1/cmr/bx/n/10 The modern-optimizer bench-mark's
 []


Underfull \hbox (badness 6625) in paragraph at lines 1957--1966
\OT1/cmr/bx/n/10 Hamiltonian-geometric con-fig-u-ra-tion is a
 []

[18 <../ppt_assets/test_result_media/symmetry_exploits/metric_symmetry_exploits
.png>]
Underfull \hbox (badness 2689) in paragraph at lines 2010--2018
\OT1/cmr/m/n/10 her-ent once the spectral-force sign con-ven-tion and
 []


Underfull \hbox (badness 1009) in paragraph at lines 2031--2048
\OT1/cmr/m/n/10 -- lies in their lead-ing group but does not sep-a-rate
 []


Underfull \vbox (badness 10000) has occurred while \output is active []

 [19]
Underfull \hbox (badness 10000) in paragraph at lines 2098--2104
\OT1/cmr/m/n/10 and DeepOBS-style work-loads are lo-cal re-
 []


Underfull \hbox (badness 1097) in paragraph at lines 2114--2119
\OT1/cmr/m/n/10 but not sys-tem-at-i-cally: time-to-target, gradient-
 []


Underfull \hbox (badness 10000) in paragraph at lines 2168--2171
[]\OT1/cmr/m/n/10 C. J. Mad-di-son, D. Paulin, Y. W. Teh,
 []


Underfull \hbox (badness 2310) in paragraph at lines 2168--2171
\OT1/cmr/m/n/10 B. O'Donoghue, and A. Doucet, ``Hamil-to-nian
 []


Underfull \hbox (badness 1817) in paragraph at lines 2189--2192
[]\OT1/cmr/m/n/10 M. Be-tan-court, ``A Con-cep-tual In-tro-duc-tion to
 []


Underfull \hbox (badness 1137) in paragraph at lines 2194--2198
\OT1/cmr/m/n/10 for Stochas-tic Op-ti-miza-tion,'' \OT1/cmr/m/it/10 In-ter-na-t
ional Con-
 []


Underfull \hbox (badness 5652) in paragraph at lines 2200--2204
[]\OT1/cmr/m/n/10 T. Tiele-man and G. Hin-ton, ``Lec-ture 6.5---
 []

[20]
Underfull \hbox (badness 2293) in paragraph at lines 2206--2209
[]\OT1/cmr/m/n/10 S. Amari, ``Nat-u-ral Gra-di-ent Works Ef-fi-ciently
 []


Underfull \hbox (badness 10000) in paragraph at lines 2211--2215
\OT1/cmr/m/n/10 De-cay Reg-u-lar-iza-tion,'' \OT1/cmr/m/it/10 In-ter-na-tional 
Con-fer-
 []


Underfull \hbox (badness 1466) in paragraph at lines 2211--2215
\OT1/cmr/m/it/10 ence on Learn-ing Rep-re-sen-ta-tions (ICLR)\OT1/cmr/m/n/10 , 
2019.
 []


Underfull \hbox (badness 3281) in paragraph at lines 2217--2222
\OT1/cmr/m/n/10 Y. Liu, H. Pham, X. Dong, T. Lu-ong, C.-
 []


Underfull \hbox (badness 1831) in paragraph at lines 2252--2255
[]\OT1/cmr/m/n/10 Y. You, I. Git-man, and B. Gins-burg, ``Large
 []


Underfull \hbox (badness 1147) in paragraph at lines 2257--2262
\OT1/cmr/m/it/10 na-tional Con-fer-ence on Learn-ing Rep-re-sen-ta-tions
 []

[21] (hamiltonian_geometric_consolidated_report.aux)
 ***********
LaTeX2e <2025-11-01>
L3 programming layer <2025-12-24>
 ***********
Package rerunfilecheck Info: File `hamiltonian_geometric_consolidated_report.ou
t' has not changed.
(rerunfilecheck)             Checksum: DA2914F6AA098AEB13344E5BCFDCF40F;7575.
 ) 
Here is how much of TeX's memory you used:
 14812 strings out of 467871
 244199 string characters out of 5419828
 722250 words of memory out of 5000000
 43329 multiletter control sequences out of 15000+600000
 641209 words of font info for 89 fonts, out of 8000000 for 9000
 1141 hyphenation exceptions out of 8191
 75i,13n,79p,1040b,649s stack positions out of 10000i,1000n,20000p,200000b,200000s
 <C:\Users\HP\AppData\Local\MiKTeX\fonts/pk/ljfour/jknappen/ec/dpi600\tcrm090
0.pk> <C:\Users\HP\AppData\Local\MiKTeX\fonts/pk/ljfour/jknappen/ec/dpi600\tcti
0900.pk> <C:\Users\HP\AppData\Local\MiKTeX\fonts/pk/ljfour/jknappen/ec/dpi600\t
crm1000.pk><C:/Users/HP/AppData/Local/Programs/MiKTeX/fonts/type1/public/amsfon
ts/cm/cmbx10.pfb><C:/Users/HP/AppData/Local/Programs/MiKTeX/fonts/type1/public/
amsfonts/cm/cmbx12.pfb><C:/Users/HP/AppData/Local/Programs/MiKTeX/fonts/type1/p
ublic/amsfonts/cm/cmbx6.pfb><C:/Users/HP/AppData/Local/Programs/MiKTeX/fonts/ty
pe1/public/amsfonts/cm/cmbx7.pfb><C:/Users/HP/AppData/Local/Programs/MiKTeX/fon
ts/type1/public/amsfonts/cm/cmbx9.pfb><C:/Users/HP/AppData/Local/Programs/MiKTe
X/fonts/type1/public/amsfonts/cm/cmbxti10.pfb><C:/Users/HP/AppData/Local/Progra
ms/MiKTeX/fonts/type1/public/amsfonts/cm/cmex10.pfb><C:/Users/HP/AppData/Local/
Programs/MiKTeX/fonts/type1/public/amsfonts/cm/cmmi10.pfb><C:/Users/HP/AppData/
Local/Programs/MiKTeX/fonts/type1/public/amsfonts/cm/cmmi6.pfb><C:/Users/HP/App
Data/Local/Programs/MiKTeX/fonts/type1/public/amsfonts/cm/cmmi7.pfb><C:/Users/H
P/AppData/Local/Programs/MiKTeX/fonts/type1/public/amsfonts/cm/cmmi8.pfb><C:/Us
ers/HP/AppData/Local/Programs/MiKTeX/fonts/type1/public/amsfonts/cm/cmmi9.pfb><
C:/Users/HP/AppData/Local/Programs/MiKTeX/fonts/type1/public/amsfonts/cm/cmr10.
pfb><C:/Users/HP/AppData/Local/Programs/MiKTeX/fonts/type1/public/amsfonts/cm/c
mr6.pfb><C:/Users/HP/AppData/Local/Programs/MiKTeX/fonts/type1/public/amsfonts/
cm/cmr7.pfb><C:/Users/HP/AppData/Local/Programs/MiKTeX/fonts/type1/public/amsfo
nts/cm/cmr8.pfb><C:/Users/HP/AppData/Local/Programs/MiKTeX/fonts/type1/public/a
msfonts/cm/cmr9.pfb><C:/Users/HP/AppData/Local/Programs/MiKTeX/fonts/type1/publ
ic/amsfonts/cm/cmss8.pfb><C:/Users/HP/AppData/Local/Programs/MiKTeX/fonts/type1
/public/amsfonts/cm/cmsy10.pfb><C:/Users/HP/AppData/Local/Programs/MiKTeX/fonts
/type1/public/amsfonts/cm/cmsy6.pfb><C:/Users/HP/AppData/Local/Programs/MiKTeX/
fonts/type1/public/amsfonts/cm/cmsy7.pfb><C:/Users/HP/AppData/Local/Programs/Mi
KTeX/fonts/type1/public/amsfonts/cm/cmsy8.pfb><C:/Users/HP/AppData/Local/Progra
ms/MiKTeX/fonts/type1/public/amsfonts/cm/cmsy9.pfb><C:/Users/HP/AppData/Local/P
rograms/MiKTeX/fonts/type1/public/amsfonts/cm/cmti10.pfb><C:/Users/HP/AppData/L
ocal/Programs/MiKTeX/fonts/type1/public/amsfonts/cm/cmti9.pfb><C:/Users/HP/AppD
ata/Local/Programs/MiKTeX/fonts/type1/public/amsfonts/cm/cmtt10.pfb><C:/Users/H
P/AppData/Local/Programs/MiKTeX/fonts/type1/public/amsfonts/symbols/msbm10.pfb>

Output written on hamiltonian_geometric_consolidated_report.pdf (21 pages, 2280
064 bytes).
PDF statistics:
 778 PDF objects out of 1000 (max. 8388607)
 192 named destinations out of 1000 (max. 500000)
 15201 words of extra memory for PDF output out of 17280 (max. 10000000)

