\BOOKMARK [1][-]{section.1}{\376\377\000I\000n\000t\000r\000o\000d\000u\000c\000t\000i\000o\000n}{}% 1
\BOOKMARK [1][-]{section.2}{\376\377\000R\000e\000l\000a\000t\000e\000d\000\040\000W\000o\000r\000k}{}% 2
\BOOKMARK [1][-]{section.3}{\376\377\000M\000a\000t\000h\000e\000m\000a\000t\000i\000c\000a\000l\000\040\000B\000a\000c\000k\000g\000r\000o\000u\000n\000d}{}% 3
\BOOKMARK [2][-]{subsection.3.1}{\376\377\000C\000o\000o\000r\000d\000i\000n\000a\000t\000e\000s\000,\000\040\000p\000o\000t\000e\000n\000t\000i\000a\000l\000,\000\040\000a\000n\000d\000\040\000t\000h\000e\000\040\000H\000a\000m\000i\000l\000t\000o\000n\000i\000a\000n}{section.3}% 4
\BOOKMARK [2][-]{subsection.3.2}{\376\377\000H\000a\000m\000i\000l\000t\000o\000n\000'\000s\000\040\000e\000q\000u\000a\000t\000i\000o\000n\000s\000\040\000a\000n\000d\000\040\000t\000h\000e\000\040\000g\000e\000o\000m\000e\000t\000r\000i\000c\000\040\000f\000o\000r\000c\000e}{section.3}% 5
\BOOKMARK [2][-]{subsection.3.3}{\376\377\000D\000i\000s\000s\000i\000p\000a\000t\000i\000o\000n}{section.3}% 6
\BOOKMARK [2][-]{subsection.3.4}{\376\377\000T\000h\000e\000\040\000g\000e\000n\000e\000r\000a\000l\000i\000z\000e\000d\000\040\000u\000p\000d\000a\000t\000e\000\040\000r\000u\000l\000e}{section.3}% 7
\BOOKMARK [1][-]{section.4}{\376\377\000S\000t\000a\000n\000d\000a\000r\000d\000\040\000O\000p\000t\000i\000m\000i\000z\000e\000r\000s\000\040\000a\000s\000\040\000S\000p\000e\000c\000i\000a\000l\000\040\000C\000a\000s\000e\000s}{}% 8
\BOOKMARK [1][-]{section.5}{\376\377\000M\000o\000d\000e\000r\000n\000\040\000O\000p\000t\000i\000m\000i\000z\000e\000r\000s\000\040\000a\000s\000\040\000F\000u\000r\000t\000h\000e\000r\000\040\000D\000e\000r\000i\000v\000a\000t\000i\000o\000n\000s}{}% 9
\BOOKMARK [2][-]{subsection.5.1}{\376\377\000S\000p\000e\000c\000t\000r\000a\000l\000\040\000e\000n\000t\000r\000o\000p\000y}{section.5}% 10
\BOOKMARK [1][-]{section.6}{\376\377\000A\000n\000a\000l\000y\000t\000i\000c\000a\000l\000\040\000V\000a\000l\000i\000d\000a\000t\000i\000o\000n}{}% 11
\BOOKMARK [1][-]{section.7}{\376\377\000T\000h\000e\000o\000r\000e\000t\000i\000c\000a\000l\000\040\000A\000n\000a\000l\000y\000s\000i\000s\000:\000\040\000C\000o\000n\000d\000i\000t\000i\000o\000n\000-\000N\000u\000m\000b\000e\000r\000-\000I\000n\000d\000e\000p\000e\000n\000d\000e\000n\000t\000\040\000C\000o\000n\000v\000e\000r\000g\000e\000n\000c\000e}{}% 12
\BOOKMARK [1][-]{section.8}{\376\377\000C\000o\000m\000p\000u\000t\000a\000t\000i\000o\000n\000a\000l\000\040\000F\000o\000r\000m}{}% 13
\BOOKMARK [1][-]{section.9}{\376\377\000E\000x\000p\000e\000r\000i\000m\000e\000n\000t\000a\000l\000\040\000V\000a\000l\000i\000d\000a\000t\000i\000o\000n}{}% 14
\BOOKMARK [2][-]{subsection.9.1}{\376\377\000M\000u\000l\000t\000i\000-\000s\000e\000e\000d\000\040\000r\000e\000p\000l\000i\000c\000a\000t\000i\000o\000n\000\040\000o\000f\000\040\000t\000h\000e\000\040\000c\000l\000a\000s\000s\000i\000c\000a\000l\000\040\000a\000n\000d\000\040\000L\000L\000M\000\040\000t\000a\000b\000l\000e\000s}{section.9}% 15
\BOOKMARK [2][-]{subsection.9.2}{\376\377\000C\000o\000n\000f\000i\000r\000m\000a\000t\000o\000r\000y\000\040\000e\000q\000u\000a\000l\000-\000b\000u\000d\000g\000e\000t\000,\000\040\000s\000e\000e\000d\000-\000a\000v\000e\000r\000a\000g\000e\000d\000\040\000t\000u\000n\000i\000n\000g}{section.9}% 16
\BOOKMARK [2][-]{subsection.9.3}{\376\377\000P\000h\000a\000s\000e\000-\000s\000p\000a\000c\000e\000\040\000v\000i\000s\000u\000a\000l\000i\000z\000a\000t\000i\000o\000n\000\040\000o\000f\000\040\000t\000h\000e\000\040\000o\000p\000t\000i\000m\000i\000z\000e\000r\000\040\000t\000r\000a\000j\000e\000c\000t\000o\000r\000y}{section.9}% 17
\BOOKMARK [2][-]{subsection.9.4}{\376\377\000M\000o\000d\000e\000r\000n\000\040\000O\000p\000t\000i\000m\000i\000z\000e\000r\000\040\000B\000e\000n\000c\000h\000m\000a\000r\000k}{section.9}% 18
\BOOKMARK [2][-]{subsection.9.5}{\376\377\000R\000o\000b\000u\000s\000t\000n\000e\000s\000s\000\040\000f\000o\000l\000l\000o\000w\000-\000u\000p}{section.9}% 19
\BOOKMARK [2][-]{subsection.9.6}{\376\377\000D\000o\000e\000s\000\040\000t\000h\000e\000\040\000m\000e\000m\000o\000r\000y\000-\000m\000e\000t\000r\000i\000c\000\040\000t\000e\000r\000m\000\040\000a\000c\000t\000u\000a\000l\000l\000y\000\040\000h\000e\000l\000p\000?}{section.9}% 20
\BOOKMARK [1][-]{section.10}{\376\377\000C\000h\000a\000o\000t\000i\000c\000\040\000Q\000u\000a\000n\000t\000u\000m\000-\000C\000o\000n\000t\000r\000o\000l\000\040\000B\000e\000n\000c\000h\000m\000a\000r\000k\000\040\000a\000n\000d\000\040\000A\000b\000l\000a\000t\000i\000o\000n}{}% 21
\BOOKMARK [2][-]{subsection.10.1}{\376\377\000V\000a\000r\000i\000a\000t\000i\000o\000n\000a\000l\000\040\000q\000u\000a\000n\000t\000u\000m\000\040\000a\000l\000g\000o\000r\000i\000t\000h\000m\000\040\000b\000e\000n\000c\000h\000m\000a\000r\000k\000:\000\040\000Q\000A\000O\000A\000\040\000M\000a\000x\000C\000u\000t}{section.10}% 22
\BOOKMARK [1][-]{section.11}{\376\377\000G\000e\000o\000m\000e\000t\000r\000i\000c\000\040\000E\000v\000i\000d\000e\000n\000c\000e\000\040\000S\000u\000i\000t\000e}{}% 23
\BOOKMARK [2][-]{subsection.11.1}{\376\377\000M\000e\000t\000r\000i\000c\000-\000s\000t\000r\000u\000c\000t\000u\000r\000e\000\040\000s\000c\000a\000l\000i\000n\000g\000:\000\040\000d\000o\000e\000s\000\040\000r\000i\000c\000h\000n\000e\000s\000s\000\040\000o\000f\000\040\000g\000\040\000p\000r\000e\000d\000i\000c\000t\000\040\000t\000h\000e\000\040\000a\000d\000v\000a\000n\000t\000a\000g\000e\000?}{section.11}% 24
\BOOKMARK [2][-]{subsection.11.2}{\376\377\000C\000o\000m\000p\000u\000t\000e\000-\000n\000o\000r\000m\000a\000l\000i\000z\000e\000d\000\040\000c\000o\000m\000p\000a\000r\000i\000s\000o\000n\000:\000\040\000d\000o\000e\000s\000\040\000t\000h\000e\000\040\000a\000d\000v\000a\000n\000t\000a\000g\000e\000\040\000s\000u\000r\000v\000i\000v\000e\000\040\000b\000e\000i\000n\000g\000\040\000m\000e\000a\000s\000u\000r\000e\000d\000\040\000i\000n\000\040\000w\000a\000l\000l\000-\000c\000l\000o\000c\000k\000\040\000t\000i\000m\000e\000\040\000a\000n\000d\000\040\000f\000u\000n\000c\000t\000i\000o\000n\000\040\000e\000v\000a\000l\000u\000a\000t\000i\000o\000n\000s\000,\000\040\000n\000o\000t\000\040\000s\000t\000e\000p\000s\000?}{section.11}% 25
\BOOKMARK [1][-]{section.12}{\376\377\000A\000r\000c\000h\000i\000t\000e\000c\000t\000u\000r\000e\000\040\000A\000b\000l\000a\000t\000i\000o\000n\000:\000\040\000A\000\040\000C\000o\000n\000t\000r\000o\000l\000l\000e\000d\000\040\000S\000t\000a\000t\000i\000s\000t\000i\000c\000a\000l\000\040\000S\000t\000u\000d\000y}{}% 26
\BOOKMARK [2][-]{subsection.12.1}{\376\377\000D\000e\000s\000i\000g\000n}{section.12}% 27
\BOOKMARK [2][-]{subsection.12.2}{\376\377\000R\000e\000s\000u\000l\000t\000s\000:\000\040\000a\000v\000e\000r\000a\000g\000e\000-\000c\000a\000s\000e\000\040\000e\000f\000f\000e\000c\000t\000s\000\040\000d\000i\000f\000f\000e\000r\000\040\000s\000h\000a\000r\000p\000l\000y\000\040\000b\000y\000\040\000m\000e\000t\000r\000i\000c}{section.12}% 28
\BOOKMARK [2][-]{subsection.12.3}{\376\377\000R\000e\000s\000u\000l\000t\000s\000:\000\040\000t\000h\000e\000\040\000H\000e\000s\000s\000i\000a\000n\000\040\000m\000e\000t\000r\000i\000c\000\040\000r\000e\000v\000e\000a\000l\000s\000\040\000a\000\040\000s\000t\000a\000b\000i\000l\000i\000t\000y\000\040\000e\000f\000f\000e\000c\000t\000\040\000t\000h\000e\000\040\000t\000o\000y\000\040\000m\000e\000t\000r\000i\000c\000\040\000c\000a\000n\000n\000o\000t}{section.12}% 29
\BOOKMARK [2][-]{subsection.12.4}{\376\377\000I\000n\000t\000e\000r\000p\000r\000e\000t\000a\000t\000i\000o\000n}{section.12}% 30
\BOOKMARK [1][-]{section.13}{\376\377\000E\000x\000t\000e\000n\000d\000e\000d\000\040\000A\000b\000l\000a\000t\000i\000o\000n\000\040\000S\000t\000u\000d\000y\000:\000\040\000A\000n\000\040\000I\000n\000d\000e\000p\000e\000n\000d\000e\000n\000t\000,\000\040\000H\000i\000g\000h\000e\000r\000-\000P\000o\000w\000e\000r\000e\000d\000\040\000R\000e\000p\000l\000i\000c\000a\000t\000i\000o\000n}{}% 31
\BOOKMARK [2][-]{subsection.13.1}{\376\377\000A\000r\000c\000h\000i\000t\000e\000c\000t\000u\000r\000e\000-\000f\000a\000c\000t\000o\000r\000i\000a\000l\000\040\000r\000e\000p\000l\000i\000c\000a\000t\000i\000o\000n}{section.13}% 32
\BOOKMARK [2][-]{subsection.13.2}{\376\377\000C\000h\000a\000o\000t\000i\000c\000\040\000q\000u\000a\000n\000t\000u\000m\000-\000c\000o\000n\000t\000r\000o\000l\000\040\000r\000e\000p\000l\000i\000c\000a\000t\000i\000o\000n}{section.13}% 33
\BOOKMARK [2][-]{subsection.13.3}{\376\377\000C\000U\000D\000A\000\040\000n\000e\000u\000r\000a\000l\000-\000s\000c\000a\000l\000i\000n\000g\000\040\000a\000b\000l\000a\000t\000i\000o\000n}{section.13}% 34
\BOOKMARK [2][-]{subsection.13.4}{\376\377\000C\000r\000o\000s\000s\000-\000s\000t\000u\000d\000y\000\040\000i\000n\000t\000e\000r\000p\000r\000e\000t\000a\000t\000i\000o\000n}{section.13}% 35
\BOOKMARK [1][-]{section.14}{\376\377\000S\000y\000m\000m\000e\000t\000r\000y\000\040\000S\000t\000r\000u\000c\000t\000u\000r\000e\000\040\000o\000f\000\040\000t\000h\000e\000\040\000M\000e\000t\000r\000i\000c}{}% 36
\BOOKMARK [1][-]{section.15}{\376\377\000L\000i\000m\000i\000t\000a\000t\000i\000o\000n\000s}{}% 37
\BOOKMARK [1][-]{section.16}{\376\377\000C\000o\000n\000c\000l\000u\000s\000i\000o\000n}{}% 38
